<?xml version="1.0" encoding="UTF-8"?>
<!-- Generated by org.testng.reporters.JUnitReportReporter -->
<testsuite hostname="S.local" name="test.Tes" tests="1" failures="0" timestamp="6 Nov 2018 15:18:10 GMT" time="14.097" errors="0">
  <testcase name="Manjunath" time="14.097" classname="test.Tes"/>
</testsuite> <!-- test.Tes -->
