<?xml version="1.0" encoding="UTF-8"?>
<!-- Generated by org.testng.reporters.JUnitReportReporter -->
<testsuite hostname="S.local" name="test.Tes" tests="1" failures="0" timestamp="19 Nov 2018 15:54:50 GMT" time="35.160" errors="0">
  <testcase name="Manjunath" time="35.160" classname="test.Tes"/>
</testsuite> <!-- test.Tes -->
