<?xml version="1.0" encoding="UTF-8"?>
<!-- Generated by org.testng.reporters.JUnitReportReporter -->
<testsuite hostname="S.local" name="test.Tes" tests="1" failures="0" timestamp="15 Oct 2018 15:28:20 GMT" time="23.181" errors="0">
  <testcase name="Manjunath" time="23.181" classname="test.Tes"/>
</testsuite> <!-- test.Tes -->
